{"C:\\Users\\hp\\Desktop\\lab\\labs\\testing\\req-prom.js": {"path":"C:\\Users\\hp\\Desktop\\lab\\labs\\testing\\req-prom.js","statementMap":{"0":{"start":{"line":2,"column":22},"end":{"line":2,"column":37}},"1":{"start":{"line":3,"column":16},"end":{"line":3,"column":37}},"2":{"start":{"line":4,"column":0},"end":{"line":8,"column":1}},"3":{"start":{"line":5,"column":2},"end":{"line":5,"column":20}},"4":{"start":{"line":6,"column":2},"end":{"line":6,"column":63}},"5":{"start":{"line":6,"column":35},"end":{"line":6,"column":63}},"6":{"start":{"line":7,"column":2},"end":{"line":7,"column":33}}},"fnMap":{"0":{"name":"(anonymous_0)","decl":{"start":{"line":4,"column":17},"end":{"line":4,"column":18}},"loc":{"start":{"line":4,"column":32},"end":{"line":8,"column":1}},"line":4}},"branchMap":{"0":{"loc":{"start":{"line":6,"column":2},"end":{"line":6,"column":63}},"type":"if","locations":[{"start":{"line":6,"column":2},"end":{"line":6,"column":63}},{"start":{},"end":{}}],"line":6}},"s":{"0":1,"1":1,"2":1,"3":2,"4":2,"5":1,"6":1},"f":{"0":2},"b":{"0":[1,1]},"_coverageSchema":"1a1c01bbd47fc00a2c39e90264f33305004495a9","hash":"e65d8795f0dcd772243301e1395da9095353f016"}
,"C:\\Users\\hp\\Desktop\\lab\\labs\\testing\\req.js": {"path":"C:\\Users\\hp\\Desktop\\lab\\labs\\testing\\req.js","statementMap":{"0":{"start":{"line":2,"column":0},"end":{"line":7,"column":1}},"1":{"start":{"line":3,"column":2},"end":{"line":6,"column":9}},"2":{"start":{"line":4,"column":4},"end":{"line":5,"column":43}},"3":{"start":{"line":4,"column":37},"end":{"line":4,"column":63}},"4":{"start":{"line":5,"column":9},"end":{"line":5,"column":43}}},"fnMap":{"0":{"name":"(anonymous_0)","decl":{"start":{"line":2,"column":17},"end":{"line":2,"column":18}},"loc":{"start":{"line":2,"column":30},"end":{"line":7,"column":1}},"line":2},"1":{"name":"(anonymous_1)","decl":{"start":{"line":3,"column":13},"end":{"line":3,"column":14}},"loc":{"start":{"line":3,"column":19},"end":{"line":6,"column":3}},"line":3}},"branchMap":{"0":{"loc":{"start":{"line":4,"column":4},"end":{"line":5,"column":43}},"type":"if","locations":[{"start":{"line":4,"column":4},"end":{"line":5,"column":43}},{"start":{"line":5,"column":9},"end":{"line":5,"column":43}}],"line":4}},"s":{"0":1,"1":2,"2":2,"3":1,"4":1},"f":{"0":2,"1":2},"b":{"0":[1,1]},"_coverageSchema":"1a1c01bbd47fc00a2c39e90264f33305004495a9","hash":"4ddf0e14f9984f990a622db632e73f74d6ed2f3b"}
}
